<?xml version="1.0" encoding="UTF-8"?>

<beans xmlns="http://www.springframework.org/schema/beans"
	xmlns:xsi="http://www.w3.org/2001/XMLSchema-instance"
	xsi:schemaLocation="http://www.springframework.org/schema/beans http://www.springframework.org/schema/beans/spring-beans.xsd">

	<bean id="listOfValueDao" class="org.lpgreen.repository.JdbcListOfValueDao">
		<property name="dataSource" ref="dataSource"/>
	</bean>
	
	<bean id="dataSource" class="org.springframework.jdbc.datasource.DriverManagerDataSource">
		<property name="driverClassName" value="${jdbc.driverClassName}"/>
		<property name="url" value="${jdbc.url}"/>
		<property name="username" value="${jdbc.username}"/>
		<property name="password" value="${jdbc.password}"/>		
	</bean>
	
	<bean id="propertyConfigurer" class="org.springframework.beans.factory.config.PropertyPlaceholderConfigurer">
		<property name="locations">
			<list>
				<value>classpath:jdbc-pg.properties</value>
			</list>
		</property>
	</bean>
	
	<bean id="transactionManager" class="org.springframework.jdbc.datasource.DataSourceTransactionManager">
		<property name="dataSource" ref="dataSource"/>
	</bean>
	
	<bean id="requestDao" class="org.lpgreen.repository.JdbcRequestDao">
		<property name="dataSource" ref="dataSource"/>
	</bean>
	
	<bean id="requestManager" class="org.lpgreen.service.RequestManagerImpl" >
		<property name="requestDao" ref="requestDao" />
	</bean>

	<bean id="departmentDao" class="org.lpgreen.repository.JdbcDepartmentDao">
		<property name="dataSource" ref="dataSource"/>
	</bean>

	<bean id="departmentManager" class="org.lpgreen.service.DepartmentManagerImpl" >
		<property name="departmentDao" ref="departmentDao" />
	</bean>

	<bean id="roleAndHierarchyDao" class="org.lpgreen.repository.JdbcRoleAndHierarchyDao">
		<property name="dataSource" ref="dataSource"/>
	</bean>

	<bean id="operationRightDao" class="org.lpgreen.repository.JdbcOperationRightDao">
		<property name="dataSource" ref="dataSource"/>
	</bean>

	<bean id="loginUserRoleDao" class="org.lpgreen.repository.JdbcLoginUserRoleDao">
		<property name="dataSource" ref="dataSource"/>
	</bean>

	<bean id="accessControlListDao" class="org.lpgreen.repository.JdbcAccessControlListDao">
		<property name="dataSource" ref="dataSource"/>
		<property name="roleAndHierarchyDao" ref="roleAndHierarchyDao"/>
		<property name="loginUserRoleDao" ref="loginUserRoleDao"/>
		<property name="operationRightDao" ref="operationRightDao"/>
	</bean>

	<bean id="securityManager" class="org.lpgreen.service.SecurityManagerImpl" >
		<property name="roleAndHierarchyDao" ref="roleAndHierarchyDao"/>
		<property name="loginUserRoleDao" ref="loginUserRoleDao"/>
		<property name="operationRightDao" ref="operationRightDao"/>
		<property name="accessControlListDao" ref="accessControlListDao"/>
	</bean>

	<bean id="projectDao" class="org.lpgreen.repository.JdbcProjectDao">
		<property name="dataSource" ref="dataSource"/>
	</bean>

	<bean id="projectManager" class="org.lpgreen.service.ProjectManagerImpl" >
		<property name="projectDao" ref="projectDao" />
	</bean>

	<bean id="paymentDao" class="org.lpgreen.repository.JdbcPaymentDao">
		<property name="dataSource" ref="dataSource"/>
	</bean>

	<bean id="paymentManager" class="org.lpgreen.service.PaymentManagerImpl" >
		<property name="paymentDao" ref="paymentDao" />
	</bean>

</beans>
